[01m[K/home/student/Documents/RoboticaIndustrial/Proyecto/ros_ws/src/rescue/src/reference_node.cpp:[m[K In function â€˜[01m[Kvoid tracking()[m[Kâ€™:
[01m[K/home/student/Documents/RoboticaIndustrial/Proyecto/ros_ws/src/rescue/src/reference_node.cpp:76:17:[m[K [01;31m[Kerror: [m[Kreturn-statement with a value, in function returning â€˜[01m[Kvoid[m[Kâ€™ [[01;31m[K-fpermissive[m[K]
   76 |         return -[01;31m[K1[m[K;
      |                 [01;31m[K^[m[K
[01m[K/home/student/Documents/RoboticaIndustrial/Proyecto/ros_ws/src/rescue/src/reference_node.cpp:126:17:[m[K [01;31m[Kerror: [m[Kâ€˜[01m[Ktopic_pub[m[Kâ€™ was not declared in this scope
  126 |                 [01;31m[Ktopic_pub[m[K.publish(msg);
      |                 [01;31m[K^~~~~~~~~[m[K
make[2]: *** [CMakeFiles/reference_node.dir/build.make:63: CMakeFiles/reference_node.dir/src/reference_node.cpp.o] Error 1
make[1]: *** [CMakeFiles/Makefile2:205: CMakeFiles/reference_node.dir/all] Error 2
make: *** [Makefile:141: all] Error 2
