[01m[K/home/student/Documents/RoboticaIndustrial/Proyecto/ros_ws/src/rescue/src/reference_node.cpp:22:14:[m[K [01;31m[Kerror: [m[Kempty character constant
   22 | char color = [01;31m[K''[m[K;
      |              [01;31m[K^~[m[K
[01m[K/home/student/Documents/RoboticaIndustrial/Proyecto/ros_ws/src/rescue/src/reference_node.cpp:[m[K In function â€˜[01m[Kint main(int, char**)[m[Kâ€™:
[01m[K/home/student/Documents/RoboticaIndustrial/Proyecto/ros_ws/src/rescue/src/reference_node.cpp:47:42:[m[K [01;31m[Kerror: [m[Kâ€˜[01m[Kimt[m[Kâ€™ was not declared in this scope; did you mean â€˜[01m[Kint[m[Kâ€™?
   47 |     image_transport::Publisher pub_rgb = [01;31m[Kimt[m[K.advertise("/camera/img_raw", 1);
      |                                          [01;31m[K^~~[m[K
      |                                          [32m[Kint[m[K
make[2]: *** [CMakeFiles/reference_node.dir/build.make:63: CMakeFiles/reference_node.dir/src/reference_node.cpp.o] Error 1
make[1]: *** [CMakeFiles/Makefile2:205: CMakeFiles/reference_node.dir/all] Error 2
make: *** [Makefile:141: all] Error 2
